2022-10-18 00:32:28,145 [INFO] Activator:177 - 


2022-10-18 00:32:28,147 [INFO] Activator:178 - !SESSION log4j initialized
2022-10-18 00:32:53,714 [ERROR] LogOutputStream:74 - [STDERR_REDIRECT] SLF4J: Failed to load class "org.slf4j.impl.StaticLoggerBinder".
2022-10-18 00:32:53,716 [ERROR] LogOutputStream:74 - [STDERR_REDIRECT] SLF4J: Defaulting to no-operation (NOP) logger implementation
2022-10-18 00:32:53,719 [ERROR] LogOutputStream:74 - [STDERR_REDIRECT] SLF4J: See http://www.slf4j.org/codes.html#StaticLoggerBinder for further details.
2022-10-18 00:33:26,202 [INFO] McuFinderGlobals:44 - Set McuFinder mode to 2 (CubeIDE integrated)
2022-10-18 00:33:26,910 [INFO] ApplicationProperties:181 - Using Application install path: C:\ST\STM32CubeIDE_1.10.1\STM32CubeIDE\plugins\com.st.stm32cube.common.mx_6.6.1.202207061420
2022-10-18 00:33:26,939 [INFO] DbMcusXml:77 - Set database path to: C:\ST\STM32CubeIDE_1.10.1\STM32CubeIDE\plugins\com.st.stm32cube.common.mx_6.6.1.202207061420\\db\/mcu/
2022-10-18 00:33:26,940 [INFO] ApiDb:269 - Set plugin database path to: C:\ST\STM32CubeIDE_1.10.1\STM32CubeIDE\plugins\com.st.stm32cube.common.mx_6.6.1.202207061420\\db\/plugins/boardmanager/
2022-10-18 00:33:26,943 [WARN] ApiDb:254 - Overriding images path with different value:  => C:\ST\STM32CubeIDE_1.10.1\STM32CubeIDE\plugins\com.st.stm32cube.common.mx_6.6.1.202207061420\\db\/plugins/mcufinder/images/
2022-10-18 00:33:26,976 [INFO] ApiDb:249 - Set database path to: C:\Users\USER\.stmcufinder\plugins\mcufinder//mcu/
2022-10-18 00:33:26,979 [INFO] DbMcusAds:124 - Set database path to: C:\Users\USER\.stmcufinder\plugins\mcufinder//mcu/
2022-10-18 00:33:27,014 [INFO] CrossReferenceDbSqlite:201 - Set database path to: C:\Users\USER\.stmcufinder\plugins\mcufinder//mcu/cs/
2022-10-18 00:33:27,220 [INFO] RulesReader:61 - Compatibility file has been processed (282 Rules)
2022-10-18 00:33:27,359 [INFO] DbMcusXml:77 - Set database path to: C:\ST\STM32CubeIDE_1.10.1\STM32CubeIDE\plugins\com.st.stm32cube.common.mx_6.6.1.202207061420\\db\/mcu/
2022-10-18 00:33:27,360 [INFO] ApiDb:269 - Set plugin database path to: C:\ST\STM32CubeIDE_1.10.1\STM32CubeIDE\plugins\com.st.stm32cube.common.mx_6.6.1.202207061420\\db\/plugins/boardmanager/
2022-10-18 00:33:27,360 [INFO] ApiDb:256 - Set plugin images path to: C:\ST\STM32CubeIDE_1.10.1\STM32CubeIDE\plugins\com.st.stm32cube.common.mx_6.6.1.202207061420\\db\/plugins/mcufinder/images/
2022-10-18 00:33:27,361 [WARN] DbFile:40 - Overriding database path with different value: C:\Users\USER\.stmcufinder\plugins\mcufinder/ => C:\Users\USER\.stmcufinder\plugins\mcufinder
2022-10-18 00:33:27,361 [INFO] ApiDb:249 - Set database path to: C:\Users\USER\.stmcufinder\plugins\mcufinder//mcu/
2022-10-18 00:33:27,362 [WARN] DbFile:40 - Overriding database path with different value: C:\Users\USER\.stmcufinder\plugins\mcufinder/ => C:\Users\USER\.stmcufinder\plugins\mcufinder
2022-10-18 00:33:27,362 [INFO] DbMcusAds:124 - Set database path to: C:\Users\USER\.stmcufinder\plugins\mcufinder//mcu/
2022-10-18 00:33:27,363 [WARN] DbFile:40 - Overriding database path with different value: C:\Users\USER\.stmcufinder\plugins\mcufinder/ => C:\Users\USER\.stmcufinder\plugins\mcufinder
2022-10-18 00:33:27,363 [WARN] DbFile:40 - Overriding database path with different value: C:\Users\USER\.stmcufinder\plugins\mcufinder/ => C:\Users\USER\.stmcufinder\plugins\mcufinder
2022-10-18 00:33:27,364 [INFO] CrossReferenceDbSqlite:201 - Set database path to: C:\Users\USER\.stmcufinder\plugins\mcufinder//mcu/cs/
2022-10-18 00:33:27,491 [INFO] MainPanel:242 - HeapMemory: 397410304
2022-10-18 00:33:27,670 [INFO] DbMcusXml:77 - Set database path to: C:\ST\STM32CubeIDE_1.10.1\STM32CubeIDE\plugins\com.st.stm32cube.common.mx_6.6.1.202207061420\\db\/mcu/
2022-10-18 00:33:27,670 [INFO] ApiDb:269 - Set plugin database path to: C:\ST\STM32CubeIDE_1.10.1\STM32CubeIDE\plugins\com.st.stm32cube.common.mx_6.6.1.202207061420\\db\/plugins/boardmanager/
2022-10-18 00:33:27,670 [INFO] ApiDb:256 - Set plugin images path to: C:\ST\STM32CubeIDE_1.10.1\STM32CubeIDE\plugins\com.st.stm32cube.common.mx_6.6.1.202207061420\\db\/plugins/mcufinder/images/
2022-10-18 00:33:27,671 [WARN] DbFile:40 - Overriding database path with different value: C:\Users\USER\.stmcufinder\plugins\mcufinder/ => C:\Users\USER\.stmcufinder\plugins\mcufinder
2022-10-18 00:33:27,671 [INFO] ApiDb:249 - Set database path to: C:\Users\USER\.stmcufinder\plugins\mcufinder//mcu/
2022-10-18 00:33:27,671 [WARN] DbFile:40 - Overriding database path with different value: C:\Users\USER\.stmcufinder\plugins\mcufinder/ => C:\Users\USER\.stmcufinder\plugins\mcufinder
2022-10-18 00:33:27,671 [INFO] DbMcusAds:124 - Set database path to: C:\Users\USER\.stmcufinder\plugins\mcufinder//mcu/
2022-10-18 00:33:27,671 [WARN] DbFile:40 - Overriding database path with different value: C:\Users\USER\.stmcufinder\plugins\mcufinder/ => C:\Users\USER\.stmcufinder\plugins\mcufinder
2022-10-18 00:33:27,672 [WARN] DbFile:40 - Overriding database path with different value: C:\Users\USER\.stmcufinder\plugins\mcufinder/ => C:\Users\USER\.stmcufinder\plugins\mcufinder
2022-10-18 00:33:27,672 [INFO] CrossReferenceDbSqlite:201 - Set database path to: C:\Users\USER\.stmcufinder\plugins\mcufinder//mcu/cs/
2022-10-18 00:33:27,711 [INFO] ApplicationProperties:181 - Using Application install path: C:\ST\STM32CubeIDE_1.10.1\STM32CubeIDE\plugins\com.st.stm32cube.common.mx_6.6.1.202207061420
2022-10-18 00:33:27,714 [INFO] PluginManage:193 - Search for loadable plugins [exclusion list=, ]
2022-10-18 00:33:27,717 [INFO] PluginManage:307 - Check plugin analytics
2022-10-18 00:33:27,964 [INFO] AnalyticsPlugin:262 - Accepted Software Licenses: 
2022-10-18 00:33:27,965 [INFO] AnalyticsPlugin:264 - Accepted CMSIS Pack Licenses: 
2022-10-18 00:33:27,966 [INFO] AnalyticsPlugin:266 - Accepted Firmware Licenses: 
2022-10-18 00:33:27,981 [INFO] PluginManage:356 - Loaded plugin analytics (category:tool,tabindex:-1)
2022-10-18 00:33:27,982 [INFO] PluginManage:307 - Check plugin cadmodel
2022-10-18 00:33:28,005 [INFO] CADModel:65 - Init CAD model plugin
2022-10-18 00:33:28,006 [INFO] PluginManage:356 - Loaded plugin cadmodel (category:power,tabindex:5)
2022-10-18 00:33:28,007 [INFO] PluginManage:307 - Check plugin clock
2022-10-18 00:33:28,043 [INFO] PluginManage:356 - Loaded plugin clock (category:base,tabindex:2)
2022-10-18 00:33:28,044 [INFO] PluginManage:307 - Check plugin ddr
2022-10-18 00:33:28,048 [INFO] PluginManage:356 - Loaded plugin ddr (category:tool,tabindex:6)
2022-10-18 00:33:28,048 [INFO] PluginManage:307 - Check plugin filemanager
2022-10-18 00:33:28,342 [INFO] PluginManage:356 - Loaded plugin filemanager (category:base,tabindex:10)
2022-10-18 00:33:28,343 [INFO] PluginManage:307 - Check plugin ipmanager
2022-10-18 00:33:28,358 [INFO] PluginManage:356 - Loaded plugin ipmanager (category:base,tabindex:5)
2022-10-18 00:33:28,359 [INFO] PluginManage:307 - Check plugin lpbam
2022-10-18 00:33:28,384 [INFO] PluginManage:356 - Loaded plugin lpbam (category:base,tabindex:0)
2022-10-18 00:33:28,385 [INFO] PluginManage:307 - Check plugin pinoutandconfiguration
2022-10-18 00:33:28,418 [INFO] PluginManage:356 - Loaded plugin pinoutandconfiguration (category:base,tabindex:1)
2022-10-18 00:33:28,419 [INFO] PluginManage:307 - Check plugin pinoutconfig
2022-10-18 00:33:28,479 [INFO] PluginManage:356 - Loaded plugin pinoutconfig (category:base,tabindex:0)
2022-10-18 00:33:28,480 [INFO] PluginManage:307 - Check plugin power
2022-10-18 00:33:28,509 [INFO] PluginManage:356 - Loaded plugin power (category:power,tabindex:4)
2022-10-18 00:33:28,510 [INFO] PluginManage:307 - Check plugin projectmanager
2022-10-18 00:33:28,536 [INFO] PluginManage:356 - Loaded plugin projectmanager (category:projectmanager,tabindex:3)
2022-10-18 00:33:28,537 [INFO] PluginManage:307 - Check plugin thirdparty
2022-10-18 00:33:29,005 [WARN] IntegrityCheckThread:82 - waiting for thirdparty lock release [integrity check]
2022-10-18 00:33:29,006 [INFO] PluginManage:356 - Loaded plugin thirdparty (category:base,tabindex:-1)
2022-10-18 00:33:29,007 [INFO] IntegrityCheckThread:84 - entering critical section [integrity check]
2022-10-18 00:33:29,008 [INFO] PluginManage:307 - Check plugin tools
2022-10-18 00:33:29,012 [INFO] ThirdPartyUpdaterWithRetryManager:70 - Updater plugin not ready yet. [1/15]
2022-10-18 00:33:29,068 [INFO] PluginManage:356 - Loaded plugin tools (category:base,tabindex:7)
2022-10-18 00:33:29,069 [INFO] PluginManage:307 - Check plugin tutovideos
2022-10-18 00:33:29,405 [INFO] PluginManage:356 - Loaded plugin tutovideos (category:base,tabindex:-1)
2022-10-18 00:33:29,405 [INFO] PluginManage:307 - Check plugin updater
2022-10-18 00:33:29,424 [INFO] PluginManage:356 - Loaded plugin updater (category:base,tabindex:12)
2022-10-18 00:33:29,425 [INFO] PluginManage:280 - PluginManage : Loaded plugins [15]
2022-10-18 00:33:29,867 [INFO] PinOutPanel:1468 - setPackage(No Configuration,No Configuration)
2022-10-18 00:33:30,003 [INFO] CADModel:98 - CPN selected for project level
2022-10-18 00:33:30,040 [INFO] IPUIPlugin:79 - create IPUIPlugin
2022-10-18 00:33:30,040 [INFO] PluginManager:217 - loadIPPluginJar : add adc
2022-10-18 00:33:30,079 [INFO] IPUIPlugin:79 - create IPUIPlugin
2022-10-18 00:33:30,079 [INFO] PluginManager:217 - loadIPPluginJar : add aes
2022-10-18 00:33:30,132 [INFO] IPUIPlugin:79 - create IPUIPlugin
2022-10-18 00:33:30,132 [INFO] PluginManager:217 - loadIPPluginJar : add can
2022-10-18 00:33:30,167 [INFO] IPUIPlugin:79 - create IPUIPlugin
2022-10-18 00:33:30,168 [INFO] PluginManager:217 - loadIPPluginJar : add comp
2022-10-18 00:33:30,204 [INFO] IPUIPlugin:79 - create IPUIPlugin
2022-10-18 00:33:30,204 [INFO] PluginManager:217 - loadIPPluginJar : add cryp
2022-10-18 00:33:30,249 [INFO] IPUIPlugin:79 - create IPUIPlugin
2022-10-18 00:33:30,250 [INFO] PluginManager:217 - loadIPPluginJar : add dfsdm
2022-10-18 00:33:30,270 [INFO] IPUIPlugin:79 - create IPUIPlugin
2022-10-18 00:33:30,270 [INFO] PluginManager:217 - loadIPPluginJar : add dma
2022-10-18 00:33:30,332 [INFO] IPUIPlugin:79 - create IPUIPlugin
2022-10-18 00:33:30,332 [INFO] PluginManager:217 - loadIPPluginJar : add dma3
2022-10-18 00:33:30,353 [INFO] IPUIPlugin:79 - create IPUIPlugin
2022-10-18 00:33:30,354 [INFO] PluginManager:217 - loadIPPluginJar : add fatfs
2022-10-18 00:33:30,408 [INFO] IPUIPlugin:79 - create IPUIPlugin
2022-10-18 00:33:30,409 [INFO] PluginManager:217 - loadIPPluginJar : add fmc
2022-10-18 00:33:30,430 [INFO] IPUIPlugin:79 - create IPUIPlugin
2022-10-18 00:33:30,430 [INFO] PluginManager:217 - loadIPPluginJar : add freertos
2022-10-18 00:33:30,451 [INFO] IPUIPlugin:79 - create IPUIPlugin
2022-10-18 00:33:30,451 [INFO] PluginManager:217 - loadIPPluginJar : add genericplugin
2022-10-18 00:33:30,552 [INFO] IPUIPlugin:79 - create IPUIPlugin
2022-10-18 00:33:30,552 [INFO] PluginManager:217 - loadIPPluginJar : add gfxmmu
2022-10-18 00:33:30,678 [INFO] IPUIPlugin:79 - create IPUIPlugin
2022-10-18 00:33:30,679 [INFO] PluginManager:217 - loadIPPluginJar : add gic
2022-10-18 00:33:30,692 [INFO] IPUIPlugin:79 - create IPUIPlugin
2022-10-18 00:33:30,692 [INFO] PluginManager:217 - loadIPPluginJar : add gpio
2022-10-18 00:33:30,773 [INFO] IPUIPlugin:79 - create IPUIPlugin
2022-10-18 00:33:30,773 [INFO] PluginManager:217 - loadIPPluginJar : add gtzc
2022-10-18 00:33:30,819 [INFO] IPUIPlugin:79 - create IPUIPlugin
2022-10-18 00:33:30,819 [INFO] PluginManager:217 - loadIPPluginJar : add hash
2022-10-18 00:33:30,878 [INFO] IPUIPlugin:79 - create IPUIPlugin
2022-10-18 00:33:30,879 [INFO] PluginManager:217 - loadIPPluginJar : add i2c
2022-10-18 00:33:30,934 [INFO] IPUIPlugin:79 - create IPUIPlugin
2022-10-18 00:33:30,934 [INFO] PluginManager:217 - loadIPPluginJar : add i2s
2022-10-18 00:33:31,051 [INFO] IPUIPlugin:79 - create IPUIPlugin
2022-10-18 00:33:31,051 [INFO] PluginManager:217 - loadIPPluginJar : add ipddr
2022-10-18 00:33:31,164 [INFO] IPUIPlugin:79 - create IPUIPlugin
2022-10-18 00:33:31,164 [INFO] PluginManager:217 - loadIPPluginJar : add linkedlist
2022-10-18 00:33:31,217 [INFO] IPUIPlugin:79 - create IPUIPlugin
2022-10-18 00:33:31,217 [INFO] PluginManager:217 - loadIPPluginJar : add lorawan
2022-10-18 00:33:31,254 [INFO] IPUIPlugin:79 - create IPUIPlugin
2022-10-18 00:33:31,254 [INFO] PluginManager:217 - loadIPPluginJar : add ltdc
2022-10-18 00:33:31,272 [INFO] IPUIPlugin:79 - create IPUIPlugin
2022-10-18 00:33:31,273 [INFO] PluginManager:217 - loadIPPluginJar : add mdma
2022-10-18 00:33:31,289 [INFO] IPUIPlugin:79 - create IPUIPlugin
2022-10-18 00:33:31,289 [INFO] PluginManager:217 - loadIPPluginJar : add nvic
2022-10-18 00:33:31,345 [INFO] IPUIPlugin:79 - create IPUIPlugin
2022-10-18 00:33:31,345 [INFO] PluginManager:217 - loadIPPluginJar : add opamp
2022-10-18 00:33:31,421 [INFO] IPUIPlugin:79 - create IPUIPlugin
2022-10-18 00:33:31,422 [INFO] PluginManager:217 - loadIPPluginJar : add openamp
2022-10-18 00:33:31,492 [INFO] IPUIPlugin:79 - create IPUIPlugin
2022-10-18 00:33:31,493 [INFO] PluginManager:217 - loadIPPluginJar : add pdm2pcm
2022-10-18 00:33:31,516 [INFO] IPUIPlugin:79 - create IPUIPlugin
2022-10-18 00:33:31,520 [INFO] PluginManager:217 - loadIPPluginJar : add plateformsettings
2022-10-18 00:33:31,545 [INFO] IPUIPlugin:79 - create IPUIPlugin
2022-10-18 00:33:31,545 [INFO] PluginManager:217 - loadIPPluginJar : add quadspi
2022-10-18 00:33:31,562 [INFO] IPUIPlugin:79 - create IPUIPlugin
2022-10-18 00:33:31,563 [INFO] PluginManager:217 - loadIPPluginJar : add resmgrutility
2022-10-18 00:33:31,643 [INFO] IPUIPlugin:79 - create IPUIPlugin
2022-10-18 00:33:31,644 [INFO] PluginManager:217 - loadIPPluginJar : add sai
2022-10-18 00:33:31,687 [INFO] IPUIPlugin:79 - create IPUIPlugin
2022-10-18 00:33:31,688 [INFO] PluginManager:217 - loadIPPluginJar : add spi
2022-10-18 00:33:31,792 [INFO] IPUIPlugin:79 - create IPUIPlugin
2022-10-18 00:33:31,792 [INFO] PluginManager:217 - loadIPPluginJar : add stm32_wpan
2022-10-18 00:33:31,822 [INFO] IPUIPlugin:79 - create IPUIPlugin
2022-10-18 00:33:31,822 [INFO] PluginManager:217 - loadIPPluginJar : add tim
2022-10-18 00:33:31,883 [INFO] IPUIPlugin:79 - create IPUIPlugin
2022-10-18 00:33:31,883 [INFO] PluginManager:217 - loadIPPluginJar : add touchsensing
2022-10-18 00:33:31,907 [INFO] IPUIPlugin:79 - create IPUIPlugin
2022-10-18 00:33:31,907 [INFO] PluginManager:217 - loadIPPluginJar : add tracer_emb
2022-10-18 00:33:31,930 [INFO] IPUIPlugin:79 - create IPUIPlugin
2022-10-18 00:33:31,930 [INFO] PluginManager:217 - loadIPPluginJar : add ts
2022-10-18 00:33:31,951 [INFO] IPUIPlugin:79 - create IPUIPlugin
2022-10-18 00:33:31,952 [INFO] PluginManager:217 - loadIPPluginJar : add tsc
2022-10-18 00:33:31,973 [INFO] IPUIPlugin:79 - create IPUIPlugin
2022-10-18 00:33:31,974 [INFO] PluginManager:217 - loadIPPluginJar : add ucpd
2022-10-18 00:33:32,015 [INFO] IPUIPlugin:79 - create IPUIPlugin
2022-10-18 00:33:32,016 [INFO] PluginManager:217 - loadIPPluginJar : add usart
2022-10-18 00:33:32,018 [INFO] ThirdPartyUpdaterWithRetryManager:70 - Updater plugin not ready yet. [2/15]
2022-10-18 00:33:32,057 [INFO] IPUIPlugin:79 - create IPUIPlugin
2022-10-18 00:33:32,057 [INFO] PluginManager:217 - loadIPPluginJar : add usbx
2022-10-18 00:33:32,425 [FATAL] Updater:301 - Updater called before beeing initialized
2022-10-18 00:33:32,629 [FATAL] Updater:301 - Updater called before beeing initialized
2022-10-18 00:33:32,652 [INFO] DbMcusAds:52 - JSON generation date=Thu Sep 30 09:55:09 IDT 2021 (1632984909247)
2022-10-18 00:33:32,653 [FATAL] Updater:301 - Updater called before beeing initialized
2022-10-18 00:33:32,757 [WARN] DetailPanel:344 - Failed to get advertising image, set to default
2022-10-18 00:33:32,966 [FATAL] Updater:301 - Updater called before beeing initialized
2022-10-18 00:33:32,969 [FATAL] Updater:301 - Updater called before beeing initialized
2022-10-18 00:33:32,970 [FATAL] Updater:301 - Updater called before beeing initialized
2022-10-18 00:33:32,970 [WARN] DetailPanel:344 - Failed to get advertising image, set to default
2022-10-18 00:33:32,971 [FATAL] Updater:301 - Updater called before beeing initialized
2022-10-18 00:33:33,062 [ERROR] Updater:1105 - MainUpdater not yet initialized. External WinMGr cannot be set.
2022-10-18 00:33:33,075 [INFO] Updater:1041 - Updater Version found : 6.6.1
2022-10-18 00:33:33,101 [INFO] ApplicationProperties:181 - Using Application install path: C:\ST\STM32CubeIDE_1.10.1\STM32CubeIDE\plugins\com.st.stm32cube.common.mx_6.6.1.202207061420
2022-10-18 00:33:33,493 [INFO] MainUpdater:2768 - connection check result : 10
2022-10-18 00:33:33,494 [INFO] MainUpdater:280 - Updater Check For Update Now.
2022-10-18 00:33:33,495 [INFO] MicroXplorer:481 - Change Database Version : DB.6.0.60
2022-10-18 00:33:33,721 [INFO] CheckServerUpdateThread:119 - End of CheckServer Thread
2022-10-18 00:33:33,746 [INFO] MainUpdater:2768 - connection check result : 10
2022-10-18 00:33:33,773 [INFO] McuFinderGlobals:57 - Set McuFinderConnectedMode to true
2022-10-18 00:33:34,112 [INFO] ServerAccessManage:474 - Download File mcusAds.json._tmp_
2022-10-18 00:33:34,241 [INFO] LoadUrlFilesThread:150 - End of LoadUrlFiles Thread
2022-10-18 00:33:34,299 [INFO] ServerAccessManage:474 - Download File cube-finder-db.zip
2022-10-18 00:33:35,027 [WARN] MainUpdater:1184 - Updater busy. Cannot search thirdparties
2022-10-18 00:33:35,028 [INFO] ThirdPartyUpdaterWithRetryManager:96 - Updater plugin is busy. [1/15]
2022-10-18 00:33:38,034 [WARN] MainUpdater:1184 - Updater busy. Cannot search thirdparties
2022-10-18 00:33:38,034 [INFO] ThirdPartyUpdaterWithRetryManager:96 - Updater plugin is busy. [2/15]
2022-10-18 00:33:41,034 [WARN] MainUpdater:1184 - Updater busy. Cannot search thirdparties
2022-10-18 00:33:41,034 [INFO] ThirdPartyUpdaterWithRetryManager:96 - Updater plugin is busy. [3/15]
2022-10-18 00:33:44,042 [WARN] MainUpdater:1184 - Updater busy. Cannot search thirdparties
2022-10-18 00:33:44,042 [INFO] ThirdPartyUpdaterWithRetryManager:96 - Updater plugin is busy. [4/15]
2022-10-18 00:33:47,050 [WARN] MainUpdater:1184 - Updater busy. Cannot search thirdparties
2022-10-18 00:33:47,050 [INFO] ThirdPartyUpdaterWithRetryManager:96 - Updater plugin is busy. [5/15]
2022-10-18 00:33:50,050 [WARN] MainUpdater:1184 - Updater busy. Cannot search thirdparties
2022-10-18 00:33:50,050 [INFO] ThirdPartyUpdaterWithRetryManager:96 - Updater plugin is busy. [6/15]
2022-10-18 00:33:51,246 [INFO] FileExtend:239 - Unzip File : cube-finder-db.zip
2022-10-18 00:33:51,247 [INFO] FileExtend:254 - Standard Zip Deflate
2022-10-18 00:33:51,975 [INFO] LoadUrlFilesThread:150 - End of LoadUrlFiles Thread
2022-10-18 00:33:52,399 [INFO] ServerAccessManage:474 - Download File crdb.zip
2022-10-18 00:33:53,028 [INFO] FileExtend:239 - Unzip File : crdb.zip
2022-10-18 00:33:53,029 [INFO] FileExtend:254 - Standard Zip Deflate
2022-10-18 00:33:53,060 [WARN] MainUpdater:1184 - Updater busy. Cannot search thirdparties
2022-10-18 00:33:53,060 [INFO] ThirdPartyUpdaterWithRetryManager:96 - Updater plugin is busy. [7/15]
2022-10-18 00:33:53,177 [INFO] LoadUrlFilesThread:150 - End of LoadUrlFiles Thread
2022-10-18 00:33:53,792 [INFO] ServerAccessManage:474 - Download File tutoVideoDB.zip
2022-10-18 00:33:53,877 [INFO] FileExtend:239 - Unzip File : tutoVideoDB.zip
2022-10-18 00:33:53,878 [INFO] FileExtend:254 - Standard Zip Deflate
2022-10-18 00:33:54,011 [INFO] LoadUrlFilesThread:150 - End of LoadUrlFiles Thread
2022-10-18 00:33:54,022 [INFO] JxBrowserEngine:106 - Initiate JxBrowser Engine with user profile folder
2022-10-18 00:33:54,364 [ERROR] JxBrowserEngine:59 - Can't initiate JxBrowser engine com.teamdev.jxbrowser.engine.ChromiumBinariesExtractionException: Failed to extract Chromium binaries into C:\Users\USER\.stm32cubemx\.jxbrowser\Chromium
2022-10-18 00:33:54,365 [WARN] DbFile:40 - Overriding database path with different value: C:\Users\USER\.stmcufinder\plugins\mcufinder/ => C:\Users\USER\.stmcufinder\plugins\mcufinder
2022-10-18 00:33:54,591 [INFO] ServerAccessManage:474 - Download File api_config.json
2022-10-18 00:33:54,702 [INFO] LoadUrlFilesThread:150 - End of LoadUrlFiles Thread
2022-10-18 00:33:54,704 [INFO] DbMcusAds:52 - JSON generation date=Thu Sep 30 09:56:37 IDT 2021 (1632984997303)
2022-10-18 00:33:54,750 [INFO] LoadUrlFilesThread:177 - End of LoadServerUrlFiles without Thread
2022-10-18 00:33:54,751 [INFO] TargetSelectorAdapter:228 - Refresh data is successful
2022-10-18 00:33:54,898 [INFO] ApiDb:576 - Connected to CubeFinder SQLite database (C:\Users\USER\.stmcufinder\plugins\mcufinder\mcu\cube-finder-db.db)
2022-10-18 00:33:54,950 [INFO] ApiDb:663 - CubeFinder database Data Model version=2.1
2022-10-18 00:33:54,950 [INFO] ApiDb:664 - CubeFinder database Configuration version=3.0.32
2022-10-18 00:33:54,951 [INFO] ApiDb:665 - CubeFinder database generation date=2022-08-05 (1659688109)
2022-10-18 00:33:54,951 [INFO] ApiDb:666 - CubeFinder database FW Pack versions=[STM32Cube_FW_C0_V1.0.0, STM32Cube_FW_F4_V1.27.1, STM32Cube_FW_F7_V1.17.0, STM32Cube_FW_G0_V1.6.1, STM32Cube_FW_G4_V1.5.0, STM32Cube_FW_H7_V1.10.0, STM32Cube_FW_L5_V1.4.0, STM32Cube_FW_U5_V1.1.1, STM32Cube_FW_WB_V1.14.1, STM32Cube_FW_WL_V1.2.0, X-CUBE-ALGOBUILD_V1.3.0, X-CUBE-ALS_V1.0.1, X-CUBE-AZRTOS-F4_V1.1.0, X-CUBE-AZRTOS-F7_V1.1.0, X-CUBE-AZRTOS-G0_V1.1.0, X-CUBE-AZRTOS-G4_V1.0.0, X-CUBE-AZRTOS-H7_V2.1.0, X-CUBE-AZRTOS-L4_V1.0.0, X-CUBE-AZRTOS-L5_V1.0.0, X-CUBE-AZRTOS-WL_V1.0.0, X-CUBE-BLE1_V6.2.3, X-CUBE-BLE2_V3.3.0, X-CUBE-EEPRMA1_V3.1.1, X-CUBE-GNSS1_V6.0.0, X-CUBE-MEMS1_V9.1.0, X-CUBE-MEMS1_V9.3.0, X-CUBE-NFC4_V2.0.4, X-CUBE-NFC7_V1.0.0, X-CUBE-SFXS2LP1_V4.0.0, X-CUBE-SUBG2_V5.0.0]
2022-10-18 00:33:56,263 [WARN] PackLoader:242 - Cannot read IP mode file for STMicroelectronics.X-CUBE-GNSS1.6.0.0
2022-10-18 00:33:56,326 [WARN] PackLoader:242 - Cannot read IP mode file for STMicroelectronics.X-CUBE-AZRTOS-F4.1.1.0
2022-10-18 00:33:56,372 [WARN] PackLoader:242 - Cannot read IP mode file for STMicroelectronics.X-CUBE-BLEMGR.1.2.0
2022-10-18 00:33:56,449 [WARN] PackLoader:242 - Cannot read IP mode file for STMicroelectronics.X-CUBE-AZRTOS-F7.1.1.0
2022-10-18 00:33:56,479 [WARN] PackLoader:242 - Cannot read IP mode file for STMicroelectronics.X-CUBE-BLE1.6.2.3
2022-10-18 00:33:56,505 [WARN] PackLoader:242 - Cannot read IP mode file for STMicroelectronics.X-CUBE-NFC4.2.0.4
2022-10-18 00:33:56,545 [WARN] PackLoader:242 - Cannot read IP mode file for STMicroelectronics.X-CUBE-TOF1.3.1.0
2022-10-18 00:33:56,589 [WARN] PackLoader:242 - Cannot read IP mode file for STMicroelectronics.X-CUBE-NFC7.1.0.0
2022-10-18 00:33:56,714 [WARN] PackLoader:242 - Cannot read IP mode file for STMicroelectronics.X-CUBE-MEMS1.9.3.0
2022-10-18 00:33:57,103 [WARN] PackLoader:242 - Cannot read IP mode file for STMicroelectronics.X-CUBE-AI.7.2.0
2022-10-18 00:33:57,179 [WARN] PackLoader:242 - Cannot read IP mode file for STMicroelectronics.X-CUBE-SFXS2LP1.4.0.0
2022-10-18 00:33:57,210 [WARN] PackLoader:242 - Cannot read IP mode file for STMicroelectronics.X-CUBE-BLE2.3.3.0
2022-10-18 00:33:57,239 [WARN] PackLoader:242 - Cannot read IP mode file for STMicroelectronics.X-CUBE-DISPLAY.2.2.0
2022-10-18 00:33:57,263 [WARN] PackLoader:242 - Cannot read IP mode file for STMicroelectronics.X-CUBE-ISPU.1.0.0
2022-10-18 00:33:57,283 [WARN] PackLoader:242 - Cannot read IP mode file for RoweBots.I-CUBE-UNISONRTOS.5.5.0-4
2022-10-18 00:33:57,322 [WARN] PackLoader:242 - Cannot read IP mode file for STMicroelectronics.X-CUBE-AZRTOS-H7.2.1.0
2022-10-18 00:33:57,352 [WARN] PackLoader:242 - Cannot read IP mode file for wolfSSL.I-CUBE-wolfSSL.5.4.0
2022-10-18 00:33:57,369 [WARN] PackLoader:242 - Cannot read IP mode file for STMicroelectronics.X-CUBE-BLEMGR.1.0.0
2022-10-18 00:33:57,389 [WARN] PackLoader:242 - Cannot read IP mode file for STMicroelectronics.X-CUBE-ALGOBUILD.1.3.0
2022-10-18 00:33:57,438 [WARN] PackLoader:242 - Cannot read IP mode file for STMicroelectronics.X-CUBE-AZRTOS-G0.1.1.0
2022-10-18 00:33:57,479 [WARN] PackLoader:242 - Cannot read IP mode file for STMicroelectronics.X-CUBE-SUBG2.5.0.0
2022-10-18 00:33:57,562 [WARN] PackLoader:242 - Cannot read IP mode file for SEGGER.I-CUBE-embOS.1.2.0
2022-10-18 00:33:57,670 [WARN] PackLoader:242 - Cannot read IP mode file for STMicroelectronics.FP-ATR-ASTRA1.1.1.1
2022-10-18 00:33:57,687 [WARN] PackLoader:242 - Cannot read IP mode file for STMicroelectronics.FP-ATR-ASTRA1.1.1.0
2022-10-18 00:33:57,735 [WARN] PackLoader:242 - Cannot read IP mode file for STMicroelectronics.X-CUBE-AZRTOS-G4.1.0.0
2022-10-18 00:33:57,808 [WARN] PackLoader:242 - Cannot read IP mode file for STMicroelectronics.X-CUBE-AZRTOS-L4.1.0.0
2022-10-18 00:33:57,837 [WARN] PackLoader:242 - Cannot read IP mode file for emotas.I-CUBE-CANOPEN.1.1.2
2022-10-18 00:33:57,862 [WARN] PackLoader:242 - Cannot read IP mode file for STMicroelectronics.X-CUBE-TOUCHGFX.4.20.0
2022-10-18 00:33:57,904 [WARN] PackLoader:242 - Cannot read IP mode file for STMicroelectronics.X-CUBE-AZRTOS-WL.1.0.0
2022-10-18 00:33:57,929 [WARN] PackLoader:242 - Cannot read IP mode file for portGmbH.I-Cube-SoM-uGOAL.1.1.0
2022-10-18 00:33:57,949 [WARN] PackLoader:242 - Cannot read IP mode file for STMicroelectronics.X-CUBE-ALS.1.0.1
2022-10-18 00:33:58,001 [WARN] PackLoader:242 - Cannot read IP mode file for STMicroelectronics.X-CUBE-AZRTOS-L5.1.0.0
2022-10-18 00:33:58,035 [WARN] PackLoader:242 - Cannot read IP mode file for STMicroelectronics.X-CUBE-EEPRMA1.3.1.1
2022-10-18 00:33:58,038 [INFO] ThirdParty:929 - Integrity check success = true
2022-10-18 00:33:58,038 [INFO] IntegrityCheckThread:98 - exiting critical section [integrity check]
2022-10-18 00:33:58,038 [INFO] IntegrityCheckThread:101 - End integrity checks thread
2022-10-18 00:33:58,317 [INFO] ApiDb:239 - Found 138 in-development CPN: [B-WB1M-WPAN1, NUCLEO-C031C6, STEVAL-STWINBX1, STM320518-EVAL, STM32C0116-DK, STM32C011D6Y3TR, STM32C011D6Y6TR, STM32C011F4P3, STM32C011F4P6, STM32C011F4U3, STM32C011F4U6TR, STM32C011F6P3, STM32C011F6P6, STM32C011F6U3, STM32C011F6U6TR, STM32C011J4M3, STM32C011J4M6, STM32C011J6M3, STM32C011J6M6, STM32C0316-DK, STM32C031C4T3, STM32C031C4T6, STM32C031C4U3, STM32C031C4U6, STM32C031C6T3, STM32C031C6T6, STM32C031C6U3, STM32C031C6U6, STM32C031F4P3, STM32C031F4P6, STM32C031F6P3, STM32C031F6P6, STM32C031G4U3, STM32C031G4U6, STM32C031G6U3, STM32C031G6U6, STM32C031K4T3, STM32C031K4T6, STM32C031K4U3, STM32C031K4U6, STM32C031K6T3, STM32C031K6T6, STM32C031K6U3, STM32C031K6U6, STM32G071K8TXN, STM32G071K8UXN, STM32G081GBU6N, STM32G081KBT6N, STM32G081KBUXN, STM32G0B1CCT6N, STM32G0B1KCT6, STM32G0B1NEY6TR, STM32G0B1RCT6N, STM32G0C1CCT6, STM32G0C1CCT6N, STM32G0C1CCU6N, STM32G0C1CET6N, STM32G0C1CEU6N, STM32G0C1KCT6, STM32G0C1NEY6TR, STM32G0C1RCI6N, STM32G0C1RCT6N, STM32G0C1REI6N, STM32G0C1RET6N, STM32G0C1VCI6, STM32G0C1VEI6, STM32G471CCT6, STM32G471CCU6, STM32G471CET3, STM32G471CET6, STM32G471CEU3, STM32G471CEU6, STM32G471MCT6, STM32G471MET3, STM32G471MET6, STM32G471MEY6TR, STM32G471QCT6, STM32G471QET3, STM32G471RCT6, STM32G471RET3, STM32G471RET6, STM32G471VCH6, STM32G471VCI6, STM32G471VCT6, STM32G471VEH3, STM32G471VEH6, STM32G471VEI3, STM32G471VEI6, STM32G471VET3, STM32G471VET6, STM32G474CCT6, STM32L476VGY6PTR, STM32L4R5QGI6STR, STM32MP131AAE3, STM32MP131AAF3, STM32MP131AAG3, STM32MP131CAE3, STM32MP131CAF3, STM32MP131CAG3, STM32MP131DAE7, STM32MP131DAF7, STM32MP131DAG7, STM32MP131FAE7, STM32MP131FAF7, STM32MP131FAG7, STM32MP133AAE3, STM32MP133AAF3, STM32MP133AAG3, STM32MP133CAE3, STM32MP133CAF3, STM32MP133CAG3, STM32MP133DAE7, STM32MP133DAF7, STM32MP133DAG7, STM32MP133FAE7, STM32MP133FAF7, STM32MP133FAG7, STM32MP135AAE3, STM32MP135AAF3, STM32MP135AAG3, STM32MP135CAE3, STM32MP135CAF3, STM32MP135CAG3, STM32MP135DAE7, STM32MP135DAF7, STM32MP135DAG7, STM32MP135F-DK, STM32MP135FAE7, STM32MP135FAF7, STM32MP135FAG7, STM32U595ZJT6Q, STM32U599BJY6QTR, STM32U599NIH6Q, STM32U599NJH6Q, STM32U5A5ZJT6Q, STM32U5A9BJY6QTR, STM32U5A9NJH6Q, STM32WB1MMCH6]
2022-10-18 00:33:58,325 [INFO] DbMcus:215 - Found 3542 MCUs, 3542 are supported
2022-10-18 00:33:58,330 [INFO] ApiDb:418 - Load user favorites file C:\Users\USER/.stm32cubeide/favorites.mcus.txt: 0 item(s)
2022-10-18 00:33:58,331 [INFO] ApiDb:422 - User favorites MCUs=[]
2022-10-18 00:33:58,331 [INFO] DbMcus:221 - Set 0 / 0 favorites MCUs
2022-10-18 00:33:58,338 [INFO] ApiDb:663 - CubeFinder database Data Model version=2.1
2022-10-18 00:33:58,339 [INFO] ApiDb:664 - CubeFinder database Configuration version=3.0.32
2022-10-18 00:33:58,339 [INFO] ApiDb:665 - CubeFinder database generation date=2022-08-05 (1659688109)
2022-10-18 00:33:58,339 [INFO] ApiDb:666 - CubeFinder database FW Pack versions=[STM32Cube_FW_C0_V1.0.0, STM32Cube_FW_F4_V1.27.1, STM32Cube_FW_F7_V1.17.0, STM32Cube_FW_G0_V1.6.1, STM32Cube_FW_G4_V1.5.0, STM32Cube_FW_H7_V1.10.0, STM32Cube_FW_L5_V1.4.0, STM32Cube_FW_U5_V1.1.1, STM32Cube_FW_WB_V1.14.1, STM32Cube_FW_WL_V1.2.0, X-CUBE-ALGOBUILD_V1.3.0, X-CUBE-ALS_V1.0.1, X-CUBE-AZRTOS-F4_V1.1.0, X-CUBE-AZRTOS-F7_V1.1.0, X-CUBE-AZRTOS-G0_V1.1.0, X-CUBE-AZRTOS-G4_V1.0.0, X-CUBE-AZRTOS-H7_V2.1.0, X-CUBE-AZRTOS-L4_V1.0.0, X-CUBE-AZRTOS-L5_V1.0.0, X-CUBE-AZRTOS-WL_V1.0.0, X-CUBE-BLE1_V6.2.3, X-CUBE-BLE2_V3.3.0, X-CUBE-EEPRMA1_V3.1.1, X-CUBE-GNSS1_V6.0.0, X-CUBE-MEMS1_V9.1.0, X-CUBE-MEMS1_V9.3.0, X-CUBE-NFC4_V2.0.4, X-CUBE-NFC7_V1.0.0, X-CUBE-SFXS2LP1_V4.0.0, X-CUBE-SUBG2_V5.0.0]
2022-10-18 00:33:58,474 [INFO] DbBoardsSqlite:227 - include board P-NUCLEO-WB55-NUCLEO as a kit item of type 'Nucleo-64'
2022-10-18 00:33:58,474 [INFO] DbBoardsSqlite:227 - include board P-NUCLEO-WB55-USBDONGLE as a kit item of type 'Nucleo USB Dongle'
2022-10-18 00:33:58,475 [INFO] DbBoardsSqlite:227 - include board STEVAL-IDP005V1 as a kit item of type 'Evaluation Board'
2022-10-18 00:33:58,475 [INFO] DbBoardsSqlite:227 - include board STEVAL-IDP005V2 as a kit item of type 'Evaluation Board'
2022-10-18 00:33:58,495 [INFO] ApiDb:239 - Found 138 in-development CPN: [B-WB1M-WPAN1, NUCLEO-C031C6, STEVAL-STWINBX1, STM320518-EVAL, STM32C0116-DK, STM32C011D6Y3TR, STM32C011D6Y6TR, STM32C011F4P3, STM32C011F4P6, STM32C011F4U3, STM32C011F4U6TR, STM32C011F6P3, STM32C011F6P6, STM32C011F6U3, STM32C011F6U6TR, STM32C011J4M3, STM32C011J4M6, STM32C011J6M3, STM32C011J6M6, STM32C0316-DK, STM32C031C4T3, STM32C031C4T6, STM32C031C4U3, STM32C031C4U6, STM32C031C6T3, STM32C031C6T6, STM32C031C6U3, STM32C031C6U6, STM32C031F4P3, STM32C031F4P6, STM32C031F6P3, STM32C031F6P6, STM32C031G4U3, STM32C031G4U6, STM32C031G6U3, STM32C031G6U6, STM32C031K4T3, STM32C031K4T6, STM32C031K4U3, STM32C031K4U6, STM32C031K6T3, STM32C031K6T6, STM32C031K6U3, STM32C031K6U6, STM32G071K8TXN, STM32G071K8UXN, STM32G081GBU6N, STM32G081KBT6N, STM32G081KBUXN, STM32G0B1CCT6N, STM32G0B1KCT6, STM32G0B1NEY6TR, STM32G0B1RCT6N, STM32G0C1CCT6, STM32G0C1CCT6N, STM32G0C1CCU6N, STM32G0C1CET6N, STM32G0C1CEU6N, STM32G0C1KCT6, STM32G0C1NEY6TR, STM32G0C1RCI6N, STM32G0C1RCT6N, STM32G0C1REI6N, STM32G0C1RET6N, STM32G0C1VCI6, STM32G0C1VEI6, STM32G471CCT6, STM32G471CCU6, STM32G471CET3, STM32G471CET6, STM32G471CEU3, STM32G471CEU6, STM32G471MCT6, STM32G471MET3, STM32G471MET6, STM32G471MEY6TR, STM32G471QCT6, STM32G471QET3, STM32G471RCT6, STM32G471RET3, STM32G471RET6, STM32G471VCH6, STM32G471VCI6, STM32G471VCT6, STM32G471VEH3, STM32G471VEH6, STM32G471VEI3, STM32G471VEI6, STM32G471VET3, STM32G471VET6, STM32G474CCT6, STM32L476VGY6PTR, STM32L4R5QGI6STR, STM32MP131AAE3, STM32MP131AAF3, STM32MP131AAG3, STM32MP131CAE3, STM32MP131CAF3, STM32MP131CAG3, STM32MP131DAE7, STM32MP131DAF7, STM32MP131DAG7, STM32MP131FAE7, STM32MP131FAF7, STM32MP131FAG7, STM32MP133AAE3, STM32MP133AAF3, STM32MP133AAG3, STM32MP133CAE3, STM32MP133CAF3, STM32MP133CAG3, STM32MP133DAE7, STM32MP133DAF7, STM32MP133DAG7, STM32MP133FAE7, STM32MP133FAF7, STM32MP133FAG7, STM32MP135AAE3, STM32MP135AAF3, STM32MP135AAG3, STM32MP135CAE3, STM32MP135CAF3, STM32MP135CAG3, STM32MP135DAE7, STM32MP135DAF7, STM32MP135DAG7, STM32MP135F-DK, STM32MP135FAE7, STM32MP135FAF7, STM32MP135FAG7, STM32U595ZJT6Q, STM32U599BJY6QTR, STM32U599NIH6Q, STM32U599NJH6Q, STM32U5A5ZJT6Q, STM32U5A9BJY6QTR, STM32U5A9NJH6Q, STM32WB1MMCH6]
2022-10-18 00:33:58,720 [INFO] BoardInfo:879 - No configuration file found for board P-NUCLEO-WB55
2022-10-18 00:33:58,720 [INFO] DbBoards:156 - Kit is not supported: P-NUCLEO-WB55
2022-10-18 00:33:58,727 [INFO] BoardInfo:879 - No configuration file found for board STEVAL-BFA001V1B
2022-10-18 00:33:58,727 [INFO] DbBoards:156 - Kit is not supported: STEVAL-BFA001V1B
2022-10-18 00:33:58,734 [INFO] BoardInfo:879 - No configuration file found for board STEVAL-BFA001V2B
2022-10-18 00:33:58,734 [INFO] DbBoards:156 - Kit is not supported: STEVAL-BFA001V2B
2022-10-18 00:33:58,903 [INFO] DbBoards:160 - Found 176 boards, 173 are supported
2022-10-18 00:33:58,917 [INFO] ApiDb:418 - Load user favorites file C:\Users\USER/.stm32cubeide/favorites.boards.txt: 1 item(s)
2022-10-18 00:33:58,918 [INFO] ApiDb:422 - User favorites Boards=[STM32F407G-DISC1]
2022-10-18 00:33:58,918 [INFO] DbBoards:189 - Set 1 / 1 favorites Boards
2022-10-18 00:33:58,921 [INFO] ApiDb:663 - CubeFinder database Data Model version=2.1
2022-10-18 00:33:58,921 [INFO] ApiDb:664 - CubeFinder database Configuration version=3.0.32
2022-10-18 00:33:58,922 [INFO] ApiDb:665 - CubeFinder database generation date=2022-08-05 (1659688109)
2022-10-18 00:33:58,922 [INFO] ApiDb:666 - CubeFinder database FW Pack versions=[STM32Cube_FW_C0_V1.0.0, STM32Cube_FW_F4_V1.27.1, STM32Cube_FW_F7_V1.17.0, STM32Cube_FW_G0_V1.6.1, STM32Cube_FW_G4_V1.5.0, STM32Cube_FW_H7_V1.10.0, STM32Cube_FW_L5_V1.4.0, STM32Cube_FW_U5_V1.1.1, STM32Cube_FW_WB_V1.14.1, STM32Cube_FW_WL_V1.2.0, X-CUBE-ALGOBUILD_V1.3.0, X-CUBE-ALS_V1.0.1, X-CUBE-AZRTOS-F4_V1.1.0, X-CUBE-AZRTOS-F7_V1.1.0, X-CUBE-AZRTOS-G0_V1.1.0, X-CUBE-AZRTOS-G4_V1.0.0, X-CUBE-AZRTOS-H7_V2.1.0, X-CUBE-AZRTOS-L4_V1.0.0, X-CUBE-AZRTOS-L5_V1.0.0, X-CUBE-AZRTOS-WL_V1.0.0, X-CUBE-BLE1_V6.2.3, X-CUBE-BLE2_V3.3.0, X-CUBE-EEPRMA1_V3.1.1, X-CUBE-GNSS1_V6.0.0, X-CUBE-MEMS1_V9.1.0, X-CUBE-MEMS1_V9.3.0, X-CUBE-NFC4_V2.0.4, X-CUBE-NFC7_V1.0.0, X-CUBE-SFXS2LP1_V4.0.0, X-CUBE-SUBG2_V5.0.0]
2022-10-18 00:34:00,142 [INFO] DbExamplesSqlite:374 - Ignored 31 examples not supported by CubeIDE
2022-10-18 00:34:00,143 [INFO] DbExamplesSqlite:375 - Found 6197 examples active
2022-10-18 00:34:00,143 [INFO] DbExamplesSqlite:376 - Found 89 examples obsolete
2022-10-18 00:34:00,143 [INFO] DbExamplesSqlite:377 - Found 0 examples under development
2022-10-18 00:34:00,144 [INFO] DbExamplesSqlite:378 - Found 76 examples not building
2022-10-18 00:34:00,148 [INFO] DbExamples:124 - Found 6242 examples
2022-10-18 00:34:00,172 [INFO] DbExamples:221 - Found 77 boards with related examples
2022-10-18 00:34:00,174 [INFO] DbExamples:234 - Found 64 MCUs with related examples
2022-10-18 00:34:00,208 [INFO] ApiDb:418 - Load user favorites file C:\Users\USER/.stm32cubeide/favorites.examples.txt: 0 item(s)
2022-10-18 00:34:00,208 [INFO] ApiDb:422 - User favorites Examples=[]
2022-10-18 00:34:00,208 [INFO] DbExamples:249 - Set 0 / 0 favorites Examples
2022-10-18 00:34:00,752 [INFO] McuFinderGlobals:57 - Set McuFinderConnectedMode to true
2022-10-18 00:34:00,766 [INFO] MultiScanPanel:195 - Auto-refresh data requested => check proxy status ongoing
2022-10-18 00:34:00,771 [INFO] FinderPluginLoader:92 - Searching for filters in installed packs
2022-10-18 00:34:02,857 [INFO] LoadUrlFilesThread:177 - End of LoadServerUrlFiles without Thread
2022-10-18 00:34:02,888 [INFO] DetailPanel:339 - Set advertising image to C:/Users/USER/STM32Cube/Repository/\en.Prom_NBSTM32U50921.jpg
2022-10-18 00:34:12,073 [INFO] MultiScanPanel:195 - Auto-refresh data requested => check proxy status ongoing
2022-10-18 00:34:12,227 [INFO] LoadUrlFilesThread:177 - End of LoadServerUrlFiles without Thread
2022-10-18 00:34:12,228 [INFO] DetailPanel:339 - Set advertising image to C:/Users/USER/STM32Cube/Repository/\en.Prom_NBSTM32U50921.jpg
2022-10-18 00:34:12,241 [INFO] DbBoards:628 - Loading board mini-images...
2022-10-18 00:34:12,445 [ERROR] DbBoards:648 - No image file defined for board B-WB1M-WPAN1
2022-10-18 00:34:12,446 [ERROR] DbBoards:648 - No image file defined for board NUCLEO-C031C6
2022-10-18 00:34:13,601 [ERROR] DbBoards:648 - No image file defined for board STEVAL-STWINBX1
2022-10-18 00:34:13,653 [ERROR] DbBoards:648 - No image file defined for board STM32091C-EVAL
2022-10-18 00:34:13,653 [ERROR] DbBoards:648 - No image file defined for board STM32100E-EVAL
2022-10-18 00:34:13,653 [ERROR] DbBoards:648 - No image file defined for board STM3210C-EVAL
2022-10-18 00:34:13,666 [ERROR] DbBoards:648 - No image file defined for board STM3221G-EVAL
2022-10-18 00:34:13,666 [ERROR] DbBoards:648 - No image file defined for board STM32303C-EVAL
2022-10-18 00:34:13,752 [ERROR] DbBoards:648 - No image file defined for board STM32479I-EVAL
2022-10-18 00:34:13,752 [ERROR] DbBoards:648 - No image file defined for board STM32746G-EVAL2
2022-10-18 00:34:13,763 [ERROR] DbBoards:648 - No image file defined for board STM32C0116-DK
2022-10-18 00:34:13,763 [ERROR] DbBoards:648 - No image file defined for board STM32C0316-DK
2022-10-18 00:34:13,797 [ERROR] DbBoards:648 - No image file defined for board STM32F401C-DISCO
2022-10-18 00:34:13,861 [ERROR] DbBoards:648 - No image file defined for board STM32F7308-DK
2022-10-18 00:34:13,903 [ERROR] DbBoards:648 - No image file defined for board STM32F779I-EVAL
2022-10-18 00:34:14,045 [ERROR] DbBoards:648 - No image file defined for board STM32H747I-EVAL
2022-10-18 00:34:14,083 [ERROR] DbBoards:648 - No image file defined for board STM32L-DISCOVERY
2022-10-18 00:34:14,133 [ERROR] DbBoards:648 - No image file defined for board STM32L152D-EVAL
2022-10-18 00:34:14,306 [ERROR] DbBoards:648 - No image file defined for board STM32MP135F-DK
2022-10-18 00:34:14,561 [INFO] DbBoards:651 - Loaded 157 board mini-images
2022-10-18 00:35:02,916 [INFO] McuFinderGlobals:57 - Set McuFinderConnectedMode to true
2022-10-18 00:35:02,919 [INFO] ApiDb:443 - Save user favorites file C:\Users\USER/.stm32cubeide/favorites.mcus.txt: 0 item(s)
2022-10-18 00:35:02,920 [INFO] ApiDb:447 - User favorites MCUs=[]
2022-10-18 00:35:02,923 [INFO] ApiDb:443 - Save user favorites file C:\Users\USER/.stm32cubeide/favorites.boards.txt: 1 item(s)
2022-10-18 00:35:02,924 [INFO] ApiDb:447 - User favorites Boards=[STM32F407G-DISC1]
2022-10-18 00:45:31,209 [INFO] LogOutputStream:76 - [STDOUT_REDIRECT] StartTraceHandler.execute(), success : Collect=true
2022-10-18 00:45:41,416 [INFO] LogOutputStream:76 - [STDOUT_REDIRECT] StartTraceHandler.execute(), success : Collect=false
2022-10-18 00:45:44,581 [INFO] LogOutputStream:76 - [STDOUT_REDIRECT] StartTraceHandler.execute(), success : Collect=true
2022-10-18 00:46:03,168 [INFO] LogOutputStream:76 - [STDOUT_REDIRECT] StartTraceHandler.execute(), success : Collect=false
2022-10-18 00:46:05,684 [INFO] LogOutputStream:76 - [STDOUT_REDIRECT] StartTraceHandler.execute(), success : Collect=true
2022-10-18 00:46:51,217 [INFO] LogOutputStream:76 - [STDOUT_REDIRECT] StartTraceHandler.execute(), success : Collect=false
2022-10-18 00:46:52,373 [INFO] LogOutputStream:76 - [STDOUT_REDIRECT] StartTraceHandler.execute(), success : Collect=true
2022-10-18 00:51:28,806 [ERROR] LogOutputStream:74 - [STDERR_REDIRECT] org.eclipse.core.commands.NotEnabledException: Trying to execute the disabled command com.st.stm32cube.ide.mcu.debug.swv.core.start_trace
2022-10-18 00:51:28,807 [ERROR] LogOutputStream:74 - [STDERR_REDIRECT] 	at org.eclipse.core.commands.Command.executeWithChecks(Command.java:479)
2022-10-18 00:51:28,809 [ERROR] LogOutputStream:74 - [STDERR_REDIRECT] 	at org.eclipse.core.commands.ParameterizedCommand.executeWithChecks(ParameterizedCommand.java:487)
2022-10-18 00:51:28,811 [ERROR] LogOutputStream:74 - [STDERR_REDIRECT] 	at org.eclipse.e4.core.commands.internal.HandlerServiceImpl.executeHandler(HandlerServiceImpl.java:213)
2022-10-18 00:51:28,813 [ERROR] LogOutputStream:74 - [STDERR_REDIRECT] 	at org.eclipse.ui.internal.handlers.LegacyHandlerService.executeCommand(LegacyHandlerService.java:389)
2022-10-18 00:51:28,815 [ERROR] LogOutputStream:74 - [STDERR_REDIRECT] 	at org.eclipse.ui.internal.handlers.LegacyHandlerService.executeCommand(LegacyHandlerService.java:366)
2022-10-18 00:51:28,817 [ERROR] LogOutputStream:74 - [STDERR_REDIRECT] 	at com.st.stm32cube.ide.mcu.debug.swv.core.ui.SWVView$OpenConfigAction.run(SWVView.java:82)
2022-10-18 00:51:28,818 [ERROR] LogOutputStream:74 - [STDERR_REDIRECT] 	at org.eclipse.jface.action.Action.runWithEvent(Action.java:474)
2022-10-18 00:51:28,820 [ERROR] LogOutputStream:74 - [STDERR_REDIRECT] 	at org.eclipse.jface.action.ActionContributionItem.handleWidgetSelection(ActionContributionItem.java:580)
2022-10-18 00:51:28,822 [ERROR] LogOutputStream:74 - [STDERR_REDIRECT] 	at org.eclipse.jface.action.ActionContributionItem.lambda$5(ActionContributionItem.java:453)
2022-10-18 00:51:28,824 [ERROR] LogOutputStream:74 - [STDERR_REDIRECT] 	at org.eclipse.swt.widgets.EventTable.sendEvent(EventTable.java:89)
2022-10-18 00:51:28,825 [ERROR] LogOutputStream:74 - [STDERR_REDIRECT] 	at org.eclipse.swt.widgets.Display.sendEvent(Display.java:4243)
2022-10-18 00:51:28,826 [ERROR] LogOutputStream:74 - [STDERR_REDIRECT] 	at org.eclipse.swt.widgets.Widget.sendEvent(Widget.java:1063)
2022-10-18 00:51:28,827 [ERROR] LogOutputStream:74 - [STDERR_REDIRECT] 	at org.eclipse.swt.widgets.Display.runDeferredEvents(Display.java:4060)
2022-10-18 00:51:28,829 [ERROR] LogOutputStream:74 - [STDERR_REDIRECT] 	at org.eclipse.swt.widgets.Display.readAndDispatch(Display.java:3632)
2022-10-18 00:51:28,831 [ERROR] LogOutputStream:74 - [STDERR_REDIRECT] 	at org.eclipse.e4.ui.internal.workbench.swt.PartRenderingEngine$5.run(PartRenderingEngine.java:1155)
2022-10-18 00:51:28,832 [ERROR] LogOutputStream:74 - [STDERR_REDIRECT] 	at org.eclipse.core.databinding.observable.Realm.runWithDefault(Realm.java:338)
2022-10-18 00:51:28,834 [ERROR] LogOutputStream:74 - [STDERR_REDIRECT] 	at org.eclipse.e4.ui.internal.workbench.swt.PartRenderingEngine.run(PartRenderingEngine.java:1046)
2022-10-18 00:51:28,836 [ERROR] LogOutputStream:74 - [STDERR_REDIRECT] 	at org.eclipse.e4.ui.internal.workbench.E4Workbench.createAndRunUI(E4Workbench.java:155)
2022-10-18 00:51:28,838 [ERROR] LogOutputStream:74 - [STDERR_REDIRECT] 	at org.eclipse.ui.internal.Workbench.lambda$3(Workbench.java:644)
2022-10-18 00:51:28,839 [ERROR] LogOutputStream:74 - [STDERR_REDIRECT] 	at org.eclipse.core.databinding.observable.Realm.runWithDefault(Realm.java:338)
2022-10-18 00:51:28,841 [ERROR] LogOutputStream:74 - [STDERR_REDIRECT] 	at org.eclipse.ui.internal.Workbench.createAndRunWorkbench(Workbench.java:551)
2022-10-18 00:51:28,842 [ERROR] LogOutputStream:74 - [STDERR_REDIRECT] 	at org.eclipse.ui.PlatformUI.createAndRunWorkbench(PlatformUI.java:156)
2022-10-18 00:51:28,844 [ERROR] LogOutputStream:74 - [STDERR_REDIRECT] 	at org.eclipse.ui.internal.ide.application.IDEApplication.start(IDEApplication.java:152)
2022-10-18 00:51:28,846 [ERROR] LogOutputStream:74 - [STDERR_REDIRECT] 	at org.eclipse.equinox.internal.app.EclipseAppHandle.run(EclipseAppHandle.java:203)
2022-10-18 00:51:28,848 [ERROR] LogOutputStream:74 - [STDERR_REDIRECT] 	at org.eclipse.core.runtime.internal.adaptor.EclipseAppLauncher.runApplication(EclipseAppLauncher.java:136)
2022-10-18 00:51:28,851 [ERROR] LogOutputStream:74 - [STDERR_REDIRECT] 	at org.eclipse.core.runtime.internal.adaptor.EclipseAppLauncher.start(EclipseAppLauncher.java:104)
2022-10-18 00:51:28,854 [ERROR] LogOutputStream:74 - [STDERR_REDIRECT] 	at org.eclipse.core.runtime.adaptor.EclipseStarter.run(EclipseStarter.java:401)
2022-10-18 00:51:28,856 [ERROR] LogOutputStream:74 - [STDERR_REDIRECT] 	at org.eclipse.core.runtime.adaptor.EclipseStarter.run(EclipseStarter.java:255)
2022-10-18 00:51:28,859 [ERROR] LogOutputStream:74 - [STDERR_REDIRECT] 	at java.base/jdk.internal.reflect.NativeMethodAccessorImpl.invoke0(Native Method)
2022-10-18 00:51:28,862 [ERROR] LogOutputStream:74 - [STDERR_REDIRECT] 	at java.base/jdk.internal.reflect.NativeMethodAccessorImpl.invoke(NativeMethodAccessorImpl.java:62)
2022-10-18 00:51:28,865 [ERROR] LogOutputStream:74 - [STDERR_REDIRECT] 	at java.base/jdk.internal.reflect.DelegatingMethodAccessorImpl.invoke(DelegatingMethodAccessorImpl.java:43)
2022-10-18 00:51:28,867 [ERROR] LogOutputStream:74 - [STDERR_REDIRECT] 	at java.base/java.lang.reflect.Method.invoke(Method.java:566)
2022-10-18 00:51:28,870 [ERROR] LogOutputStream:74 - [STDERR_REDIRECT] 	at org.eclipse.equinox.launcher.Main.invokeFramework(Main.java:659)
2022-10-18 00:51:28,872 [ERROR] LogOutputStream:74 - [STDERR_REDIRECT] 	at org.eclipse.equinox.launcher.Main.basicRun(Main.java:596)
2022-10-18 00:51:28,874 [ERROR] LogOutputStream:74 - [STDERR_REDIRECT] 	at org.eclipse.equinox.launcher.Main.run(Main.java:1467)
2022-10-18 00:51:40,430 [ERROR] LogOutputStream:74 - [STDERR_REDIRECT] org.eclipse.core.commands.NotEnabledException: Trying to execute the disabled command com.st.stm32cube.ide.mcu.debug.swv.core.start_trace
2022-10-18 00:51:40,431 [ERROR] LogOutputStream:74 - [STDERR_REDIRECT] 	at org.eclipse.core.commands.Command.executeWithChecks(Command.java:479)
2022-10-18 00:51:40,433 [ERROR] LogOutputStream:74 - [STDERR_REDIRECT] 	at org.eclipse.core.commands.ParameterizedCommand.executeWithChecks(ParameterizedCommand.java:487)
2022-10-18 00:51:40,435 [ERROR] LogOutputStream:74 - [STDERR_REDIRECT] 	at org.eclipse.e4.core.commands.internal.HandlerServiceImpl.executeHandler(HandlerServiceImpl.java:213)
2022-10-18 00:51:40,438 [ERROR] LogOutputStream:74 - [STDERR_REDIRECT] 	at org.eclipse.ui.internal.handlers.LegacyHandlerService.executeCommand(LegacyHandlerService.java:389)
2022-10-18 00:51:40,440 [ERROR] LogOutputStream:74 - [STDERR_REDIRECT] 	at org.eclipse.ui.internal.handlers.LegacyHandlerService.executeCommand(LegacyHandlerService.java:366)
2022-10-18 00:51:40,442 [ERROR] LogOutputStream:74 - [STDERR_REDIRECT] 	at com.st.stm32cube.ide.mcu.debug.swv.core.ui.SWVView$OpenConfigAction.run(SWVView.java:82)
2022-10-18 00:51:40,443 [ERROR] LogOutputStream:74 - [STDERR_REDIRECT] 	at org.eclipse.jface.action.Action.runWithEvent(Action.java:474)
2022-10-18 00:51:40,447 [ERROR] LogOutputStream:74 - [STDERR_REDIRECT] 	at org.eclipse.jface.action.ActionContributionItem.handleWidgetSelection(ActionContributionItem.java:580)
2022-10-18 00:51:40,448 [ERROR] LogOutputStream:74 - [STDERR_REDIRECT] 	at org.eclipse.jface.action.ActionContributionItem.lambda$5(ActionContributionItem.java:453)
2022-10-18 00:51:40,450 [ERROR] LogOutputStream:74 - [STDERR_REDIRECT] 	at org.eclipse.swt.widgets.EventTable.sendEvent(EventTable.java:89)
2022-10-18 00:51:40,451 [ERROR] LogOutputStream:74 - [STDERR_REDIRECT] 	at org.eclipse.swt.widgets.Display.sendEvent(Display.java:4243)
2022-10-18 00:51:40,452 [ERROR] LogOutputStream:74 - [STDERR_REDIRECT] 	at org.eclipse.swt.widgets.Widget.sendEvent(Widget.java:1063)
2022-10-18 00:51:40,453 [ERROR] LogOutputStream:74 - [STDERR_REDIRECT] 	at org.eclipse.swt.widgets.Display.runDeferredEvents(Display.java:4060)
2022-10-18 00:51:40,455 [ERROR] LogOutputStream:74 - [STDERR_REDIRECT] 	at org.eclipse.swt.widgets.Display.readAndDispatch(Display.java:3632)
2022-10-18 00:51:40,457 [ERROR] LogOutputStream:74 - [STDERR_REDIRECT] 	at org.eclipse.e4.ui.internal.workbench.swt.PartRenderingEngine$5.run(PartRenderingEngine.java:1155)
2022-10-18 00:51:40,458 [ERROR] LogOutputStream:74 - [STDERR_REDIRECT] 	at org.eclipse.core.databinding.observable.Realm.runWithDefault(Realm.java:338)
2022-10-18 00:51:40,460 [ERROR] LogOutputStream:74 - [STDERR_REDIRECT] 	at org.eclipse.e4.ui.internal.workbench.swt.PartRenderingEngine.run(PartRenderingEngine.java:1046)
2022-10-18 00:51:40,462 [ERROR] LogOutputStream:74 - [STDERR_REDIRECT] 	at org.eclipse.e4.ui.internal.workbench.E4Workbench.createAndRunUI(E4Workbench.java:155)
2022-10-18 00:51:40,463 [ERROR] LogOutputStream:74 - [STDERR_REDIRECT] 	at org.eclipse.ui.internal.Workbench.lambda$3(Workbench.java:644)
2022-10-18 00:51:40,465 [ERROR] LogOutputStream:74 - [STDERR_REDIRECT] 	at org.eclipse.core.databinding.observable.Realm.runWithDefault(Realm.java:338)
2022-10-18 00:51:40,468 [ERROR] LogOutputStream:74 - [STDERR_REDIRECT] 	at org.eclipse.ui.internal.Workbench.createAndRunWorkbench(Workbench.java:551)
2022-10-18 00:51:40,471 [ERROR] LogOutputStream:74 - [STDERR_REDIRECT] 	at org.eclipse.ui.PlatformUI.createAndRunWorkbench(PlatformUI.java:156)
2022-10-18 00:51:40,474 [ERROR] LogOutputStream:74 - [STDERR_REDIRECT] 	at org.eclipse.ui.internal.ide.application.IDEApplication.start(IDEApplication.java:152)
2022-10-18 00:51:40,477 [ERROR] LogOutputStream:74 - [STDERR_REDIRECT] 	at org.eclipse.equinox.internal.app.EclipseAppHandle.run(EclipseAppHandle.java:203)
2022-10-18 00:51:40,480 [ERROR] LogOutputStream:74 - [STDERR_REDIRECT] 	at org.eclipse.core.runtime.internal.adaptor.EclipseAppLauncher.runApplication(EclipseAppLauncher.java:136)
2022-10-18 00:51:40,482 [ERROR] LogOutputStream:74 - [STDERR_REDIRECT] 	at org.eclipse.core.runtime.internal.adaptor.EclipseAppLauncher.start(EclipseAppLauncher.java:104)
2022-10-18 00:51:40,485 [ERROR] LogOutputStream:74 - [STDERR_REDIRECT] 	at org.eclipse.core.runtime.adaptor.EclipseStarter.run(EclipseStarter.java:401)
2022-10-18 00:51:40,487 [ERROR] LogOutputStream:74 - [STDERR_REDIRECT] 	at org.eclipse.core.runtime.adaptor.EclipseStarter.run(EclipseStarter.java:255)
2022-10-18 00:51:40,489 [ERROR] LogOutputStream:74 - [STDERR_REDIRECT] 	at java.base/jdk.internal.reflect.NativeMethodAccessorImpl.invoke0(Native Method)
2022-10-18 00:51:40,491 [ERROR] LogOutputStream:74 - [STDERR_REDIRECT] 	at java.base/jdk.internal.reflect.NativeMethodAccessorImpl.invoke(NativeMethodAccessorImpl.java:62)
2022-10-18 00:51:40,493 [ERROR] LogOutputStream:74 - [STDERR_REDIRECT] 	at java.base/jdk.internal.reflect.DelegatingMethodAccessorImpl.invoke(DelegatingMethodAccessorImpl.java:43)
2022-10-18 00:51:40,495 [ERROR] LogOutputStream:74 - [STDERR_REDIRECT] 	at java.base/java.lang.reflect.Method.invoke(Method.java:566)
2022-10-18 00:51:40,496 [ERROR] LogOutputStream:74 - [STDERR_REDIRECT] 	at org.eclipse.equinox.launcher.Main.invokeFramework(Main.java:659)
2022-10-18 00:51:40,498 [ERROR] LogOutputStream:74 - [STDERR_REDIRECT] 	at org.eclipse.equinox.launcher.Main.basicRun(Main.java:596)
2022-10-18 00:51:40,499 [ERROR] LogOutputStream:74 - [STDERR_REDIRECT] 	at org.eclipse.equinox.launcher.Main.run(Main.java:1467)
2022-10-18 18:36:30,435 [ERROR] LogOutputStream:74 - [STDERR_REDIRECT] 
